<?xml version="1.0" encoding="UTF-8"?>
<!-- Generated by org.testng.reporters.JUnitReportReporter -->
<testsuite hostname="PC-20180918EPWD" name="baidu.bai" tests="1" failures="0" timestamp="28 Mar 2019 01:15:14 GMT" time="0.261" errors="0">
  <testcase name="login" time="0.261" classname="baidu.bai"/>
</testsuite> <!-- baidu.bai -->
